2022-06-04 15:02:17:433 grammar LogManager.java:25 before: (COMBINED_GRAMMAR Cool (@ header {
from analisadorSemantico import AnalisadorSemantico
}) (@ members {
    AnalisadorSemantico.tabela={}
}) (RULES (RULE prog (BLOCK (ALT (+ (BLOCK (ALT class ';')))))) (RULE class (BLOCK (ALT 'class' TYPE (? (BLOCK (ALT 'inherits' TYPE))) '{' (* (BLOCK (ALT feature ';'))) '}'))) (RULE feature (BLOCK (ALT ID {
               varNome=inpu
               } '(' (? (BLOCK (ALT formal (* (BLOCK (ALT ',' formal)))))) ')' ':' TYPE '{' expr '}') (ALT ID ':' TYPE (? (BLOCK (ALT '<-' expr)))))) (RULE formal (BLOCK (ALT ID ':' TYPE))) (RULE expr (BLOCK (ALT ID '<-' expr) (ALT expr (? (BLOCK (ALT '@' TYPE))) '.' ID '(' (? (BLOCK (ALT expr (* (BLOCK (ALT ',' expr)))))) ')') (ALT ID '(' (? (BLOCK (ALT expr (* (BLOCK (ALT ',' expr)))))) ')') (ALT 'if' expr 'then' expr 'else' expr 'fi') (ALT 'while' expr 'loop' expr 'pool') (ALT '{' (+ (BLOCK (ALT expr ';'))) '}') (ALT 'let' ID ':' TYPE (? (BLOCK (ALT '<-' expr))) (* (BLOCK (ALT ',' ID ':' TYPE (? (BLOCK (ALT '<-' expr)))))) 'in' expr) (ALT 'case' expr 'of' (+ (BLOCK (ALT ID ':' TYPE '=>' expr))) 'esac') (ALT 'new' TYPE) (ALT 'isvoid' expr) (ALT expr '+' expr) (ALT expr '-' expr) (ALT expr '*' expr) (ALT expr '/' expr) (ALT '~' expr) (ALT expr '<' expr) (ALT expr '<=' expr) (ALT expr '=' expr) (ALT 'not' expr) (ALT '(' expr ')') (ALT ID) (ALT INTEGER) (ALT STRING) (ALT 'true') (ALT 'false'))) (RULE ID (BLOCK (ALT (BLOCK (ALT (.. 'a' 'z'))) (* (BLOCK (ALT (.. 'a' 'z')) (ALT (.. 'A' 'Z')) (ALT '_') (ALT (.. '0' '9'))))))) (RULE TYPE (BLOCK (ALT (BLOCK (ALT (.. 'A' 'Z'))) (* (BLOCK (ALT (.. 'a' 'z')) (ALT (.. 'A' 'Z')) (ALT '_') (ALT (.. '0' '9'))))))) (RULE STRING (BLOCK (ALT '"' (* (BLOCK (ALT ESC) (ALT .))) '"'))) (RULE INTEGER (BLOCK (ALT (+ (BLOCK (ALT [0-9])))))) (RULE WS (BLOCK (LEXER_ALT_ACTION (ALT (+ (BLOCK (ALT [ \r\b\t\n\f])))) (LEXER_ACTION_CALL channel HIDDEN)))) (RULE LINE_COMMENT (BLOCK (LEXER_ALT_ACTION (ALT '--' (* (BLOCK (ALT .))) '\n') (LEXER_ACTION_CALL channel HIDDEN)))) (RULE COMMENT (BLOCK (LEXER_ALT_ACTION (ALT '(*' (* (BLOCK (ALT .))) '*)') (LEXER_ACTION_CALL channel HIDDEN)))) (RULE ESC (RULEMODIFIERS fragment) (BLOCK (ALT '\\' [btnr"\\])))))
2022-06-04 15:02:17:444 grammar LogManager.java:25 after: (COMBINED_GRAMMAR Cool (@ header {
from analisadorSemantico import AnalisadorSemantico
}) (@ members {
    AnalisadorSemantico.tabela={}
}) (RULES (RULE prog (BLOCK (ALT (+ (BLOCK (ALT class ';')))))) (RULE class (BLOCK (ALT 'class' TYPE (? (BLOCK (ALT 'inherits' TYPE))) '{' (* (BLOCK (ALT feature ';'))) '}'))) (RULE feature (BLOCK (ALT ID {
               varNome=inpu
               } '(' (? (BLOCK (ALT formal (* (BLOCK (ALT ',' formal)))))) ')' ':' TYPE '{' expr '}') (ALT ID ':' TYPE (? (BLOCK (ALT '<-' expr)))))) (RULE formal (BLOCK (ALT ID ':' TYPE))) (RULE expr (BLOCK (ALT ID '<-' expr) (ALT expr (? (BLOCK (ALT '@' TYPE))) '.' ID '(' (? (BLOCK (ALT expr (* (BLOCK (ALT ',' expr)))))) ')') (ALT ID '(' (? (BLOCK (ALT expr (* (BLOCK (ALT ',' expr)))))) ')') (ALT 'if' expr 'then' expr 'else' expr 'fi') (ALT 'while' expr 'loop' expr 'pool') (ALT '{' (+ (BLOCK (ALT expr ';'))) '}') (ALT 'let' ID ':' TYPE (? (BLOCK (ALT '<-' expr))) (* (BLOCK (ALT ',' ID ':' TYPE (? (BLOCK (ALT '<-' expr)))))) 'in' expr) (ALT 'case' expr 'of' (+ (BLOCK (ALT ID ':' TYPE '=>' expr))) 'esac') (ALT 'new' TYPE) (ALT 'isvoid' expr) (ALT expr '+' expr) (ALT expr '-' expr) (ALT expr '*' expr) (ALT expr '/' expr) (ALT '~' expr) (ALT expr '<' expr) (ALT expr '<=' expr) (ALT expr '=' expr) (ALT 'not' expr) (ALT '(' expr ')') (ALT ID) (ALT INTEGER) (ALT STRING) (ALT 'true') (ALT 'false'))) (RULE ID (BLOCK (ALT (BLOCK (ALT (.. 'a' 'z'))) (* (BLOCK (ALT (SET (.. 'a' 'z') (.. 'A' 'Z') '_' (.. '0' '9')))))))) (RULE TYPE (BLOCK (ALT (BLOCK (ALT (.. 'A' 'Z'))) (* (BLOCK (ALT (SET (.. 'a' 'z') (.. 'A' 'Z') '_' (.. '0' '9')))))))) (RULE STRING (BLOCK (ALT '"' (* (BLOCK (ALT ESC) (ALT .))) '"'))) (RULE INTEGER (BLOCK (ALT (+ (BLOCK (ALT [0-9])))))) (RULE WS (BLOCK (LEXER_ALT_ACTION (ALT (+ (BLOCK (ALT [ \r\b\t\n\f])))) (LEXER_ACTION_CALL channel HIDDEN)))) (RULE LINE_COMMENT (BLOCK (LEXER_ALT_ACTION (ALT '--' (* (BLOCK (ALT .))) '\n') (LEXER_ACTION_CALL channel HIDDEN)))) (RULE COMMENT (BLOCK (LEXER_ALT_ACTION (ALT '(*' (* (BLOCK (ALT .))) '*)') (LEXER_ACTION_CALL channel HIDDEN)))) (RULE ESC (RULEMODIFIERS fragment) (BLOCK (ALT '\\' [btnr"\\])))))
2022-06-04 15:02:17:460 grammar LogManager.java:25 after extract implicit lexer =(COMBINED_GRAMMAR Cool (@ header {
from analisadorSemantico import AnalisadorSemantico
}) (@ members {
    AnalisadorSemantico.tabela={}
}) (RULES (RULE prog (BLOCK (ALT (+ (BLOCK (ALT class ';')))))) (RULE class (BLOCK (ALT 'class' TYPE (? (BLOCK (ALT 'inherits' TYPE))) '{' (* (BLOCK (ALT feature ';'))) '}'))) (RULE feature (BLOCK (ALT ID {
               varNome=inpu
               } '(' (? (BLOCK (ALT formal (* (BLOCK (ALT ',' formal)))))) ')' ':' TYPE '{' expr '}') (ALT ID ':' TYPE (? (BLOCK (ALT '<-' expr)))))) (RULE formal (BLOCK (ALT ID ':' TYPE))) (RULE expr (BLOCK (ALT ID '<-' expr) (ALT expr (? (BLOCK (ALT '@' TYPE))) '.' ID '(' (? (BLOCK (ALT expr (* (BLOCK (ALT ',' expr)))))) ')') (ALT ID '(' (? (BLOCK (ALT expr (* (BLOCK (ALT ',' expr)))))) ')') (ALT 'if' expr 'then' expr 'else' expr 'fi') (ALT 'while' expr 'loop' expr 'pool') (ALT '{' (+ (BLOCK (ALT expr ';'))) '}') (ALT 'let' ID ':' TYPE (? (BLOCK (ALT '<-' expr))) (* (BLOCK (ALT ',' ID ':' TYPE (? (BLOCK (ALT '<-' expr)))))) 'in' expr) (ALT 'case' expr 'of' (+ (BLOCK (ALT ID ':' TYPE '=>' expr))) 'esac') (ALT 'new' TYPE) (ALT 'isvoid' expr) (ALT expr '+' expr) (ALT expr '-' expr) (ALT expr '*' expr) (ALT expr '/' expr) (ALT '~' expr) (ALT expr '<' expr) (ALT expr '<=' expr) (ALT expr '=' expr) (ALT 'not' expr) (ALT '(' expr ')') (ALT ID) (ALT INTEGER) (ALT STRING) (ALT 'true') (ALT 'false')))))
2022-06-04 15:02:17:460 grammar LogManager.java:25 lexer =(LEXER_GRAMMAR CoolLexer (@ header {
from analisadorSemantico import AnalisadorSemantico
}) (@ members {
    AnalisadorSemantico.tabela={}
}) (RULES (RULE T__0 (BLOCK (ALT ';'))) (RULE T__1 (BLOCK (ALT 'class'))) (RULE T__2 (BLOCK (ALT 'inherits'))) (RULE T__3 (BLOCK (ALT '{'))) (RULE T__4 (BLOCK (ALT '}'))) (RULE T__5 (BLOCK (ALT '('))) (RULE T__6 (BLOCK (ALT ','))) (RULE T__7 (BLOCK (ALT ')'))) (RULE T__8 (BLOCK (ALT ':'))) (RULE T__9 (BLOCK (ALT '<-'))) (RULE T__10 (BLOCK (ALT '@'))) (RULE T__11 (BLOCK (ALT '.'))) (RULE T__12 (BLOCK (ALT 'if'))) (RULE T__13 (BLOCK (ALT 'then'))) (RULE T__14 (BLOCK (ALT 'else'))) (RULE T__15 (BLOCK (ALT 'fi'))) (RULE T__16 (BLOCK (ALT 'while'))) (RULE T__17 (BLOCK (ALT 'loop'))) (RULE T__18 (BLOCK (ALT 'pool'))) (RULE T__19 (BLOCK (ALT 'let'))) (RULE T__20 (BLOCK (ALT 'in'))) (RULE T__21 (BLOCK (ALT 'case'))) (RULE T__22 (BLOCK (ALT 'of'))) (RULE T__23 (BLOCK (ALT '=>'))) (RULE T__24 (BLOCK (ALT 'esac'))) (RULE T__25 (BLOCK (ALT 'new'))) (RULE T__26 (BLOCK (ALT 'isvoid'))) (RULE T__27 (BLOCK (ALT '+'))) (RULE T__28 (BLOCK (ALT '-'))) (RULE T__29 (BLOCK (ALT '*'))) (RULE T__30 (BLOCK (ALT '/'))) (RULE T__31 (BLOCK (ALT '~'))) (RULE T__32 (BLOCK (ALT '<'))) (RULE T__33 (BLOCK (ALT '<='))) (RULE T__34 (BLOCK (ALT '='))) (RULE T__35 (BLOCK (ALT 'not'))) (RULE T__36 (BLOCK (ALT 'true'))) (RULE T__37 (BLOCK (ALT 'false'))) (RULE ID (BLOCK (ALT (BLOCK (ALT (.. 'a' 'z'))) (* (BLOCK (ALT (SET (.. 'a' 'z') (.. 'A' 'Z') '_' (.. '0' '9')))))))) (RULE TYPE (BLOCK (ALT (BLOCK (ALT (.. 'A' 'Z'))) (* (BLOCK (ALT (SET (.. 'a' 'z') (.. 'A' 'Z') '_' (.. '0' '9')))))))) (RULE STRING (BLOCK (ALT '"' (* (BLOCK (ALT ESC) (ALT .))) '"'))) (RULE INTEGER (BLOCK (ALT (+ (BLOCK (ALT [0-9])))))) (RULE WS (BLOCK (LEXER_ALT_ACTION (ALT (+ (BLOCK (ALT [ \r\b\t\n\f])))) (LEXER_ACTION_CALL channel HIDDEN)))) (RULE LINE_COMMENT (BLOCK (LEXER_ALT_ACTION (ALT '--' (* (BLOCK (ALT .))) '\n') (LEXER_ACTION_CALL channel HIDDEN)))) (RULE COMMENT (BLOCK (LEXER_ALT_ACTION (ALT '(*' (* (BLOCK (ALT .))) '*)') (LEXER_ACTION_CALL channel HIDDEN)))) (RULE ESC (RULEMODIFIERS fragment) (BLOCK (ALT '\\' [btnr"\\])))))
2022-06-04 15:02:17:564 action-translator LogManager.java:25 translate 
    AnalisadorSemantico.tabela={}

2022-06-04 15:02:17:564 action-translator LogManager.java:25 translate 
from analisadorSemantico import AnalisadorSemantico

2022-06-04 15:02:17:644 left-recursion LogManager.java:25 expr
    :   ( {} ID<tokenIndex=115> '<-'<tokenIndex=117> expr<tokenIndex=119,p=25> 
        | ID<tokenIndex=147> '('<tokenIndex=149>(expr<tokenIndex=151> (','<tokenIndex=154> expr<tokenIndex=156>)*)?')'<tokenIndex=161> 
        | 'if'<tokenIndex=165> expr<tokenIndex=167> 'then'<tokenIndex=169> expr<tokenIndex=171> 'else'<tokenIndex=173> expr<tokenIndex=175> 'fi'<tokenIndex=177> 
        | 'while'<tokenIndex=181> expr<tokenIndex=183> 'loop'<tokenIndex=185> expr<tokenIndex=187> 'pool'<tokenIndex=189> 
        | '{'<tokenIndex=193>(expr<tokenIndex=195> ';'<tokenIndex=197>)+'}'<tokenIndex=200> 
        | 'let'<tokenIndex=204> ID<tokenIndex=206> ':'<tokenIndex=208> TYPE<tokenIndex=210> ('<-'<tokenIndex=213> expr<tokenIndex=215>)? (','<tokenIndex=220> ID<tokenIndex=222> ':'<tokenIndex=224> TYPE<tokenIndex=226> ('<-'<tokenIndex=229> expr<tokenIndex=231>)?)* 'in'<tokenIndex=237> expr<tokenIndex=239,p=19> 
        | 'case'<tokenIndex=243> expr<tokenIndex=245> 'of'<tokenIndex=247> (ID<tokenIndex=250> ':'<tokenIndex=252> TYPE<tokenIndex=254> '=>'<tokenIndex=256> expr<tokenIndex=258>)+ 'esac'<tokenIndex=262> 
        | 'new'<tokenIndex=266> TYPE<tokenIndex=268> 
        | 'isvoid'<tokenIndex=272> expr<tokenIndex=274,p=16> 
        | '~'<tokenIndex=310>expr<tokenIndex=311,p=11> 
        | 'not'<tokenIndex=339> expr<tokenIndex=341,p=7> 
        | '('<tokenIndex=345>expr<tokenIndex=346>')'<tokenIndex=347> 
        | ID<tokenIndex=351> 
        | INTEGER<tokenIndex=355> 
        | STRING<tokenIndex=359> 
        | 'true'<tokenIndex=363> 
        | 'false'<tokenIndex=367> 
        )
        (
          {self.precpred(self._ctx, 15)}?<p=15> '+'<tokenIndex=280> expr<tokenIndex=282,p=16>
                  | {self.precpred(self._ctx, 14)}?<p=14> '-'<tokenIndex=288> expr<tokenIndex=290,p=15>
                  | {self.precpred(self._ctx, 13)}?<p=13> '*'<tokenIndex=296> expr<tokenIndex=298,p=14>
                  | {self.precpred(self._ctx, 12)}?<p=12> '/'<tokenIndex=304> expr<tokenIndex=306,p=13>
                  | {self.precpred(self._ctx, 10)}?<p=10> '<'<tokenIndex=317> expr<tokenIndex=319,p=11>
                  | {self.precpred(self._ctx, 9)}?<p=9> '<='<tokenIndex=325> expr<tokenIndex=327,p=10>
                  | {self.precpred(self._ctx, 8)}?<p=8> '='<tokenIndex=333> expr<tokenIndex=335,p=9>
                  | {self.precpred(self._ctx, 24)}?<p=24> ('@'<tokenIndex=126>TYPE<tokenIndex=127>)?'.'<tokenIndex=130>ID<tokenIndex=131>'('<tokenIndex=132>(expr<tokenIndex=134> (','<tokenIndex=137>expr<tokenIndex=138>)*)?')'<tokenIndex=143>
        )*
    ;
2022-06-04 15:02:17:657 grammar LogManager.java:25 added: (RULE expr (BLOCK (ALT (BLOCK (ALT {} (ID (ELEMENT_OPTIONS (= tokenIndex 115))) ('<-' (ELEMENT_OPTIONS (= tokenIndex 117))) (expr (ELEMENT_OPTIONS (= tokenIndex 119) (= p 25)))) (ALT (ID (ELEMENT_OPTIONS (= tokenIndex 147))) ('(' (ELEMENT_OPTIONS (= tokenIndex 149))) (? (BLOCK (ALT (expr (ELEMENT_OPTIONS (= tokenIndex 151))) (* (BLOCK (ALT (',' (ELEMENT_OPTIONS (= tokenIndex 154))) (expr (ELEMENT_OPTIONS (= tokenIndex 156))))))))) (')' (ELEMENT_OPTIONS (= tokenIndex 161)))) (ALT ('if' (ELEMENT_OPTIONS (= tokenIndex 165))) (expr (ELEMENT_OPTIONS (= tokenIndex 167))) ('then' (ELEMENT_OPTIONS (= tokenIndex 169))) (expr (ELEMENT_OPTIONS (= tokenIndex 171))) ('else' (ELEMENT_OPTIONS (= tokenIndex 173))) (expr (ELEMENT_OPTIONS (= tokenIndex 175))) ('fi' (ELEMENT_OPTIONS (= tokenIndex 177)))) (ALT ('while' (ELEMENT_OPTIONS (= tokenIndex 181))) (expr (ELEMENT_OPTIONS (= tokenIndex 183))) ('loop' (ELEMENT_OPTIONS (= tokenIndex 185))) (expr (ELEMENT_OPTIONS (= tokenIndex 187))) ('pool' (ELEMENT_OPTIONS (= tokenIndex 189)))) (ALT ('{' (ELEMENT_OPTIONS (= tokenIndex 193))) (+ (BLOCK (ALT (expr (ELEMENT_OPTIONS (= tokenIndex 195))) (';' (ELEMENT_OPTIONS (= tokenIndex 197)))))) ('}' (ELEMENT_OPTIONS (= tokenIndex 200)))) (ALT ('let' (ELEMENT_OPTIONS (= tokenIndex 204))) (ID (ELEMENT_OPTIONS (= tokenIndex 206))) (':' (ELEMENT_OPTIONS (= tokenIndex 208))) (TYPE (ELEMENT_OPTIONS (= tokenIndex 210))) (? (BLOCK (ALT ('<-' (ELEMENT_OPTIONS (= tokenIndex 213))) (expr (ELEMENT_OPTIONS (= tokenIndex 215)))))) (* (BLOCK (ALT (',' (ELEMENT_OPTIONS (= tokenIndex 220))) (ID (ELEMENT_OPTIONS (= tokenIndex 222))) (':' (ELEMENT_OPTIONS (= tokenIndex 224))) (TYPE (ELEMENT_OPTIONS (= tokenIndex 226))) (? (BLOCK (ALT ('<-' (ELEMENT_OPTIONS (= tokenIndex 229))) (expr (ELEMENT_OPTIONS (= tokenIndex 231))))))))) ('in' (ELEMENT_OPTIONS (= tokenIndex 237))) (expr (ELEMENT_OPTIONS (= tokenIndex 239) (= p 19)))) (ALT ('case' (ELEMENT_OPTIONS (= tokenIndex 243))) (expr (ELEMENT_OPTIONS (= tokenIndex 245))) ('of' (ELEMENT_OPTIONS (= tokenIndex 247))) (+ (BLOCK (ALT (ID (ELEMENT_OPTIONS (= tokenIndex 250))) (':' (ELEMENT_OPTIONS (= tokenIndex 252))) (TYPE (ELEMENT_OPTIONS (= tokenIndex 254))) ('=>' (ELEMENT_OPTIONS (= tokenIndex 256))) (expr (ELEMENT_OPTIONS (= tokenIndex 258)))))) ('esac' (ELEMENT_OPTIONS (= tokenIndex 262)))) (ALT ('new' (ELEMENT_OPTIONS (= tokenIndex 266))) (TYPE (ELEMENT_OPTIONS (= tokenIndex 268)))) (ALT ('isvoid' (ELEMENT_OPTIONS (= tokenIndex 272))) (expr (ELEMENT_OPTIONS (= tokenIndex 274) (= p 16)))) (ALT ('~' (ELEMENT_OPTIONS (= tokenIndex 310))) (expr (ELEMENT_OPTIONS (= tokenIndex 311) (= p 11)))) (ALT ('not' (ELEMENT_OPTIONS (= tokenIndex 339))) (expr (ELEMENT_OPTIONS (= tokenIndex 341) (= p 7)))) (ALT ('(' (ELEMENT_OPTIONS (= tokenIndex 345))) (expr (ELEMENT_OPTIONS (= tokenIndex 346))) (')' (ELEMENT_OPTIONS (= tokenIndex 347)))) (ALT (ID (ELEMENT_OPTIONS (= tokenIndex 351)))) (ALT (INTEGER (ELEMENT_OPTIONS (= tokenIndex 355)))) (ALT (STRING (ELEMENT_OPTIONS (= tokenIndex 359)))) (ALT ('true' (ELEMENT_OPTIONS (= tokenIndex 363)))) (ALT ('false' (ELEMENT_OPTIONS (= tokenIndex 367))))) (* (BLOCK (ALT ({self.precpred(self._ctx, 15)}? (ELEMENT_OPTIONS (= p 15))) ('+' (ELEMENT_OPTIONS (= tokenIndex 280))) (expr (ELEMENT_OPTIONS (= tokenIndex 282) (= p 16)))) (ALT ({self.precpred(self._ctx, 14)}? (ELEMENT_OPTIONS (= p 14))) ('-' (ELEMENT_OPTIONS (= tokenIndex 288))) (expr (ELEMENT_OPTIONS (= tokenIndex 290) (= p 15)))) (ALT ({self.precpred(self._ctx, 13)}? (ELEMENT_OPTIONS (= p 13))) ('*' (ELEMENT_OPTIONS (= tokenIndex 296))) (expr (ELEMENT_OPTIONS (= tokenIndex 298) (= p 14)))) (ALT ({self.precpred(self._ctx, 12)}? (ELEMENT_OPTIONS (= p 12))) ('/' (ELEMENT_OPTIONS (= tokenIndex 304))) (expr (ELEMENT_OPTIONS (= tokenIndex 306) (= p 13)))) (ALT ({self.precpred(self._ctx, 10)}? (ELEMENT_OPTIONS (= p 10))) ('<' (ELEMENT_OPTIONS (= tokenIndex 317))) (expr (ELEMENT_OPTIONS (= tokenIndex 319) (= p 11)))) (ALT ({self.precpred(self._ctx, 9)}? (ELEMENT_OPTIONS (= p 9))) ('<=' (ELEMENT_OPTIONS (= tokenIndex 325))) (expr (ELEMENT_OPTIONS (= tokenIndex 327) (= p 10)))) (ALT ({self.precpred(self._ctx, 8)}? (ELEMENT_OPTIONS (= p 8))) ('=' (ELEMENT_OPTIONS (= tokenIndex 333))) (expr (ELEMENT_OPTIONS (= tokenIndex 335) (= p 9)))) (ALT ({self.precpred(self._ctx, 24)}? (ELEMENT_OPTIONS (= p 24))) (? (BLOCK (ALT ('@' (ELEMENT_OPTIONS (= tokenIndex 126))) (TYPE (ELEMENT_OPTIONS (= tokenIndex 127)))))) ('.' (ELEMENT_OPTIONS (= tokenIndex 130))) (ID (ELEMENT_OPTIONS (= tokenIndex 131))) ('(' (ELEMENT_OPTIONS (= tokenIndex 132))) (? (BLOCK (ALT (expr (ELEMENT_OPTIONS (= tokenIndex 134))) (* (BLOCK (ALT (',' (ELEMENT_OPTIONS (= tokenIndex 137))) (expr (ELEMENT_OPTIONS (= tokenIndex 138))))))))) (')' (ELEMENT_OPTIONS (= tokenIndex 143)))))))))
2022-06-04 15:02:17:661 semantics LogManager.java:25 tokens={EOF=-1, T__0=1, T__1=2, T__2=3, T__3=4, T__4=5, T__5=6, T__6=7, T__7=8, T__8=9, T__9=10, T__10=11, T__11=12, T__12=13, T__13=14, T__14=15, T__15=16, T__16=17, T__17=18, T__18=19, T__19=20, T__20=21, T__21=22, T__22=23, T__23=24, T__24=25, T__25=26, T__26=27, T__27=28, T__28=29, T__29=30, T__30=31, T__31=32, T__32=33, T__33=34, T__34=35, T__35=36, T__36=37, T__37=38, ID=39, TYPE=40, STRING=41, INTEGER=42, WS=43, LINE_COMMENT=44, COMMENT=45}
2022-06-04 15:02:17:661 semantics LogManager.java:25 strings={';'=1, 'class'=2, 'inherits'=3, '{'=4, '}'=5, '('=6, ','=7, ')'=8, ':'=9, '<-'=10, '@'=11, '.'=12, 'if'=13, 'then'=14, 'else'=15, 'fi'=16, 'while'=17, 'loop'=18, 'pool'=19, 'let'=20, 'in'=21, 'case'=22, 'of'=23, '=>'=24, 'esac'=25, 'new'=26, 'isvoid'=27, '+'=28, '-'=29, '*'=30, '/'=31, '~'=32, '<'=33, '<='=34, '='=35, 'not'=36, 'true'=37, 'false'=38}
2022-06-04 15:02:17:672 LL1 LogManager.java:25 
DECISION 0 in rule prog
2022-06-04 15:02:17:672 LL1 LogManager.java:25 look=[2, <EOF>]
2022-06-04 15:02:17:672 LL1 LogManager.java:25 LL(1)? true
2022-06-04 15:02:17:672 LL1 LogManager.java:25 
DECISION 1 in rule class
2022-06-04 15:02:17:672 LL1 LogManager.java:25 look=[3, 4]
2022-06-04 15:02:17:672 LL1 LogManager.java:25 LL(1)? true
2022-06-04 15:02:17:672 LL1 LogManager.java:25 
DECISION 2 in rule class
2022-06-04 15:02:17:672 LL1 LogManager.java:25 look=[39, 5]
2022-06-04 15:02:17:672 LL1 LogManager.java:25 LL(1)? true
2022-06-04 15:02:17:672 LL1 LogManager.java:25 
DECISION 3 in rule feature
2022-06-04 15:02:17:672 LL1 LogManager.java:25 look=[7, 8]
2022-06-04 15:02:17:672 LL1 LogManager.java:25 LL(1)? true
2022-06-04 15:02:17:672 LL1 LogManager.java:25 
DECISION 4 in rule feature
2022-06-04 15:02:17:672 LL1 LogManager.java:25 look=[39, 8]
2022-06-04 15:02:17:672 LL1 LogManager.java:25 LL(1)? true
2022-06-04 15:02:17:672 LL1 LogManager.java:25 
DECISION 5 in rule feature
2022-06-04 15:02:17:672 LL1 LogManager.java:25 look=[10, 1]
2022-06-04 15:02:17:672 LL1 LogManager.java:25 LL(1)? true
2022-06-04 15:02:17:672 LL1 LogManager.java:25 
DECISION 6 in rule feature
2022-06-04 15:02:17:673 LL1 LogManager.java:25 look=[39, 39]
2022-06-04 15:02:17:673 LL1 LogManager.java:25 LL(1)? false
2022-06-04 15:02:17:673 LL1 LogManager.java:25 
DECISION 7 in rule expr
2022-06-04 15:02:17:673 LL1 LogManager.java:25 look=[7, 8]
2022-06-04 15:02:17:673 LL1 LogManager.java:25 LL(1)? true
2022-06-04 15:02:17:673 LL1 LogManager.java:25 
DECISION 8 in rule expr
2022-06-04 15:02:17:673 LL1 LogManager.java:25 look=[{4, 6, 13, 17, 20, 22, 26..27, 32, 36..39, 41..42}, 8]
2022-06-04 15:02:17:673 LL1 LogManager.java:25 LL(1)? true
2022-06-04 15:02:17:673 LL1 LogManager.java:25 
DECISION 9 in rule expr
2022-06-04 15:02:17:673 LL1 LogManager.java:25 look=[{4, 6, 13, 17, 20, 22, 26..27, 32, 36..39, 41..42}, 5]
2022-06-04 15:02:17:673 LL1 LogManager.java:25 LL(1)? true
2022-06-04 15:02:17:673 LL1 LogManager.java:25 
DECISION 10 in rule expr
2022-06-04 15:02:17:673 LL1 LogManager.java:25 look=[10, {7, 21}]
2022-06-04 15:02:17:673 LL1 LogManager.java:25 LL(1)? true
2022-06-04 15:02:17:673 LL1 LogManager.java:25 
DECISION 11 in rule expr
2022-06-04 15:02:17:673 LL1 LogManager.java:25 look=[10, {7, 21}]
2022-06-04 15:02:17:673 LL1 LogManager.java:25 LL(1)? true
2022-06-04 15:02:17:673 LL1 LogManager.java:25 
DECISION 12 in rule expr
2022-06-04 15:02:17:673 LL1 LogManager.java:25 look=[7, 21]
2022-06-04 15:02:17:673 LL1 LogManager.java:25 LL(1)? true
2022-06-04 15:02:17:673 LL1 LogManager.java:25 
DECISION 13 in rule expr
2022-06-04 15:02:17:673 LL1 LogManager.java:25 look=[39, 25]
2022-06-04 15:02:17:674 LL1 LogManager.java:25 LL(1)? true
2022-06-04 15:02:17:674 LL1 LogManager.java:25 
DECISION 14 in rule expr
2022-06-04 15:02:17:674 LL1 LogManager.java:25 look=[39, 39, 13, 17, 4, 20, 22, 26, 27, 32, 36, 6, 39, 42, 41, 37, 38]
2022-06-04 15:02:17:674 LL1 LogManager.java:25 LL(1)? false
2022-06-04 15:02:17:674 LL1 LogManager.java:25 
DECISION 15 in rule expr
2022-06-04 15:02:17:674 LL1 LogManager.java:25 look=[11, 12]
2022-06-04 15:02:17:674 LL1 LogManager.java:25 LL(1)? true
2022-06-04 15:02:17:674 LL1 LogManager.java:25 
DECISION 16 in rule expr
2022-06-04 15:02:17:674 LL1 LogManager.java:25 look=[7, 8]
2022-06-04 15:02:17:674 LL1 LogManager.java:25 LL(1)? true
2022-06-04 15:02:17:674 LL1 LogManager.java:25 
DECISION 17 in rule expr
2022-06-04 15:02:17:674 LL1 LogManager.java:25 look=[{4, 6, 13, 17, 20, 22, 26..27, 32, 36..39, 41..42}, 8]
2022-06-04 15:02:17:674 LL1 LogManager.java:25 LL(1)? true
2022-06-04 15:02:17:674 LL1 LogManager.java:25 
DECISION 18 in rule expr
2022-06-04 15:02:17:674 LL1 LogManager.java:25 look=[null, null, null, null, null, null, null, null]
2022-06-04 15:02:17:674 LL1 LogManager.java:25 LL(1)? false
2022-06-04 15:02:17:674 LL1 LogManager.java:25 
DECISION 19 in rule expr
2022-06-04 15:02:17:675 LL1 LogManager.java:25 look=[null, null]
2022-06-04 15:02:17:675 LL1 LogManager.java:25 LL(1)? false
2022-06-04 15:02:17:694 action-translator LogManager.java:25 translate 
    AnalisadorSemantico.tabela={}

2022-06-04 15:02:17:694 action-translator LogManager.java:25 translate 
from analisadorSemantico import AnalisadorSemantico

2022-06-04 15:02:17:706 action-translator LogManager.java:25 translate 
               varNome=inpu
               
2022-06-04 15:02:17:708 action-translator LogManager.java:25 translate 
2022-06-04 15:02:17:711 action-translator LogManager.java:25 translate self.precpred(self._ctx, 15)
2022-06-04 15:02:17:712 action-translator LogManager.java:25 translate self.precpred(self._ctx, 14)
2022-06-04 15:02:17:712 action-translator LogManager.java:25 translate self.precpred(self._ctx, 13)
2022-06-04 15:02:17:712 action-translator LogManager.java:25 translate self.precpred(self._ctx, 12)
2022-06-04 15:02:17:712 action-translator LogManager.java:25 translate self.precpred(self._ctx, 10)
2022-06-04 15:02:17:713 action-translator LogManager.java:25 translate self.precpred(self._ctx, 9)
2022-06-04 15:02:17:713 action-translator LogManager.java:25 translate self.precpred(self._ctx, 8)
2022-06-04 15:02:17:713 action-translator LogManager.java:25 translate self.precpred(self._ctx, 24)
2022-06-04 15:02:17:715 action-translator LogManager.java:25 translate self.precpred(self._ctx, 15)
2022-06-04 15:02:17:715 action-translator LogManager.java:25 translate self.precpred(self._ctx, 14)
2022-06-04 15:02:17:715 action-translator LogManager.java:25 translate self.precpred(self._ctx, 13)
2022-06-04 15:02:17:715 action-translator LogManager.java:25 translate self.precpred(self._ctx, 12)
2022-06-04 15:02:17:715 action-translator LogManager.java:25 translate self.precpred(self._ctx, 10)
2022-06-04 15:02:17:715 action-translator LogManager.java:25 translate self.precpred(self._ctx, 9)
2022-06-04 15:02:17:715 action-translator LogManager.java:25 translate self.precpred(self._ctx, 8)
2022-06-04 15:02:17:716 action-translator LogManager.java:25 translate self.precpred(self._ctx, 24)
2022-06-04 15:02:17:741 action-translator LogManager.java:25 translate 
    AnalisadorSemantico.tabela={}

2022-06-04 15:02:17:741 action-translator LogManager.java:25 translate 
from analisadorSemantico import AnalisadorSemantico

2022-06-04 15:02:17:741 action-translator LogManager.java:25 translate 
from analisadorSemantico import AnalisadorSemantico

